Arguments: 
  /usr/bin/node /usr/share/yarn/bin/yarn.js add --dev webpack-dev-server

PATH: 
  /home/bishisht/.rbenv/versions/2.7.2/lib/ruby/gems/2.7.0/bin:/home/bishisht/.rbenv/versions/2.7.2/bin:/home/bishisht/.rbenv/libexec:/home/bishisht/.rbenv/plugins/ruby-build/bin:/home/bishisht/.rbenv/shims:/home/bishisht/.rbenv/bin:/usr/local/sbin:/usr/local/bin:/usr/sbin:/usr/bin:/sbin:/bin:/usr/games:/usr/local/games:/snap/bin

Yarn version: 
  1.22.5

Node version: 
  12.20.0

Platform: 
  linux x64

Trace: 
  Error: getaddrinfo EAI_AGAIN registry.yarnpkg.com
      at GetAddrInfoReqWrap.onlookup [as oncomplete] (dns.js:66:26)

npm manifest: 
  No manifest

yarn manifest: 
  No manifest

Lockfile: 
  # THIS IS AN AUTOGENERATED FILE. DO NOT EDIT THIS FILE DIRECTLY.
  # yarn lockfile v1
